<?xml version="1.0" encoding="UTF-8"?>
<testsuite xmlns:xsi="http://www.w3.org/2001/XMLSchema-instance" xsi:noNamespaceSchemaLocation="https://maven.apache.org/surefire/maven-surefire-plugin/xsd/surefire-test-report-3.0.xsd" version="3.0" name="BackPackTest" time="0.312" tests="15" errors="0" skipped="0" failures="0">
  <properties>
[...]
</properties>
  <testcase name="testErrorLength" classname="BackPackTest" time="0.152"/>
  <testcase name="testZeroValues" classname="BackPackTest" time="0.0"/>
  <testcase name="testZeroWeight" classname="BackPackTest" time="0.0"/>
  <testcase name="testBoundaryWeightAndValue" classname="BackPackTest" time="0.092"/>
  <testcase name="testExceedCapacity" classname="BackPackTest" time="0.0"/>
  <testcase name="testFullCapacity" classname="BackPackTest" time="0.001"/>
  <testcase name="testEmptyArrays" classname="BackPackTest" time="0.001"/>
  <testcase name="testNegativeCapacity" classname="BackPackTest" time="0.0"/>
  <testcase name="testUnsortedArray" classname="BackPackTest" time="0.001"/>
  <testcase name="testNegativeWeights" classname="BackPackTest" time="0.001"/>
  <testcase name="testNegativeValues" classname="BackPackTest" time="0.0"/>
  <testcase name="testLargeData1" classname="BackPackTest" time="0.014"/>
  <testcase name="testLargeData2" classname="BackPackTest" time="0.001"/>
  <testcase name="testEqualWeightsAndValues" classname="BackPackTest" time="0.0"/>
  <testcase name="testSingleItem1" classname="BackPackTest" time="0.001"/>
</testsuite>